<?xml version="1.0" encoding="UTF-8"?>
<!-- Generated by org.testng.reporters.JUnitReportReporter -->
<testsuite hostname="LAPTOP-F3QJ1584" failures="0" tests="2" name="testcases.VerifyLogin" time="7.223" errors="0" timestamp="2022-05-31T10:46:19 IST" skipped="0">
  <testcase classname="testcases.VerifyLogin" name="runVerifyLogin" time="2.273"/>
  <system-out/>
  <testcase classname="testcases.VerifyLogin" name="runVerifyLogin" time="4.950"/>
  <system-out/>
</testsuite> <!-- testcases.VerifyLogin -->
