<?xml version="1.0" encoding="UTF-8"?>
<!-- Generated by org.testng.reporters.JUnitReportReporter -->
<testsuite hostname="LAPTOP-F3QJ1584" failures="0" tests="2" name="testcases.CreateLead" time="16.005" errors="0" timestamp="2022-05-18T15:34:04 IST" skipped="0">
  <testcase classname="testcases.CreateLead" name="runCreateLead" time="8.383"/>
  <system-out/>
  <testcase classname="testcases.CreateLead" name="runCreateLead" time="7.622"/>
  <system-out/>
</testsuite> <!-- testcases.CreateLead -->
