<?xml version="1.0" encoding="UTF-8"?>
<!-- Generated by org.testng.reporters.JUnitReportReporter -->
<testsuite hostname="LAPTOP-F3QJ1584" failures="0" tests="1" name="runner.CucumberRunner" time="8.858" errors="0" timestamp="2022-05-16T16:33:40 IST" skipped="0">
  <testcase classname="runner.CucumberRunner" name="runScenario" time="8.858"/>
  <system-out/>
</testsuite> <!-- runner.CucumberRunner -->
