<?xml version="1.0" encoding="UTF-8"?>
<!-- Generated by org.testng.reporters.JUnitReportReporter -->
<testsuite hostname="LAPTOP-F3QJ1584" failures="0" tests="1" name="testcase.DuplicateLead" time="14.341" errors="0" timestamp="2022-03-04T20:21:15 IST" skipped="0">
  <testcase classname="testcase.DuplicateLead" name="runDuplicateLead" time="14.341"/>
  <system-out/>
</testsuite> <!-- testcase.DuplicateLead -->
