<?xml version="1.0" encoding="UTF-8"?>
<!-- Generated by org.testng.reporters.JUnitReportReporter -->
<testsuite hostname="LAPTOP-F3QJ1584" failures="0" tests="2" name="testcase.EditLead" time="32.201" errors="0" timestamp="2022-03-21T11:06:37 IST" skipped="0">
  <testcase classname="testcase.EditLead" name="runEditLead" time="15.219"/>
  <system-out/>
  <testcase classname="testcase.EditLead" name="runEditLead" time="16.982"/>
  <system-out/>
</testsuite> <!-- testcase.EditLead -->
