<?xml version="1.0" encoding="UTF-8"?>
<!-- Generated by org.testng.reporters.JUnitReportReporter -->
<testsuite hostname="LAPTOP-F3QJ1584" failures="0" tests="2" name="testcase.CreateLead" time="31.662" errors="0" timestamp="2022-03-21T11:00:36 IST" skipped="0">
  <testcase classname="testcase.CreateLead" name="runCreateLead" time="14.771"/>
  <system-out/>
  <testcase classname="testcase.CreateLead" name="runCreateLead" time="16.891"/>
  <system-out/>
</testsuite> <!-- testcase.CreateLead -->
