<?xml version="1.0" encoding="UTF-8"?>
<!-- Generated by org.testng.reporters.JUnitReportReporter -->
<testsuite hostname="LAPTOP-F3QJ1584" failures="0" tests="2" name="testcases.VerifyLogin" time="6.514" errors="0" timestamp="2022-05-18T15:21:52 IST" skipped="0">
  <testcase classname="testcases.VerifyLogin" name="runVerifyLogin" time="4.094"/>
  <system-out/>
  <testcase classname="testcases.VerifyLogin" name="runVerifyLogin" time="2.420"/>
  <system-out/>
</testsuite> <!-- testcases.VerifyLogin -->
