<?xml version="1.0" encoding="UTF-8"?>
<!-- Generated by org.testng.reporters.JUnitReportReporter -->
<testsuite hostname="LAPTOP-F3QJ1584" failures="0" tests="1" name="testcases.VerifyLogin" time="0.000" errors="0" timestamp="2022-07-12T00:05:21 IST" skipped="1">
  <testcase classname="testcases.VerifyLogin" name="runVerifyLogin" time="0.000">
    <skipped/>
  </testcase> <!-- runVerifyLogin -->
  <system-out/>
</testsuite> <!-- testcases.VerifyLogin -->
