<?xml version="1.0" encoding="UTF-8"?>
<!-- Generated by org.testng.reporters.JUnitReportReporter -->
<testsuite hostname="LAPTOP-F3QJ1584" failures="0" tests="250" name="testcases.VerifyLink" time="1959.324" errors="0" timestamp="2022-10-05T19:11:48 IST" skipped="0">
  <testcase classname="testcases.VerifyLink" name="runVerifyLogin" time="5.964"/>
  <system-out/>
  <testcase classname="testcases.VerifyLink" name="runVerifyLogin" time="10.842"/>
  <system-out/>
  <testcase classname="testcases.VerifyLink" name="runVerifyLogin" time="10.101"/>
  <system-out/>
  <testcase classname="testcases.VerifyLink" name="runVerifyLogin" time="7.164"/>
  <system-out/>
  <testcase classname="testcases.VerifyLink" name="runVerifyLogin" time="5.946"/>
  <system-out/>
  <testcase classname="testcases.VerifyLink" name="runVerifyLogin" time="6.521"/>
  <system-out/>
  <testcase classname="testcases.VerifyLink" name="runVerifyLogin" time="5.186"/>
  <system-out/>
  <testcase classname="testcases.VerifyLink" name="runVerifyLogin" time="8.814"/>
  <system-out/>
  <testcase classname="testcases.VerifyLink" name="runVerifyLogin" time="11.321"/>
  <system-out/>
  <testcase classname="testcases.VerifyLink" name="runVerifyLogin" time="5.550"/>
  <system-out/>
  <testcase classname="testcases.VerifyLink" name="runVerifyLogin" time="6.636"/>
  <system-out/>
  <testcase classname="testcases.VerifyLink" name="runVerifyLogin" time="7.698"/>
  <system-out/>
  <testcase classname="testcases.VerifyLink" name="runVerifyLogin" time="5.846"/>
  <system-out/>
  <testcase classname="testcases.VerifyLink" name="runVerifyLogin" time="6.320"/>
  <system-out/>
  <testcase classname="testcases.VerifyLink" name="runVerifyLogin" time="5.824"/>
  <system-out/>
  <testcase classname="testcases.VerifyLink" name="runVerifyLogin" time="6.700"/>
  <system-out/>
  <testcase classname="testcases.VerifyLink" name="runVerifyLogin" time="5.237"/>
  <system-out/>
  <testcase classname="testcases.VerifyLink" name="runVerifyLogin" time="5.910"/>
  <system-out/>
  <testcase classname="testcases.VerifyLink" name="runVerifyLogin" time="9.582"/>
  <system-out/>
  <testcase classname="testcases.VerifyLink" name="runVerifyLogin" time="7.064"/>
  <system-out/>
  <testcase classname="testcases.VerifyLink" name="runVerifyLogin" time="6.567"/>
  <system-out/>
  <testcase classname="testcases.VerifyLink" name="runVerifyLogin" time="7.218"/>
  <system-out/>
  <testcase classname="testcases.VerifyLink" name="runVerifyLogin" time="7.342"/>
  <system-out/>
  <testcase classname="testcases.VerifyLink" name="runVerifyLogin" time="6.027"/>
  <system-out/>
  <testcase classname="testcases.VerifyLink" name="runVerifyLogin" time="6.184"/>
  <system-out/>
  <testcase classname="testcases.VerifyLink" name="runVerifyLogin" time="6.302"/>
  <system-out/>
  <testcase classname="testcases.VerifyLink" name="runVerifyLogin" time="5.665"/>
  <system-out/>
  <testcase classname="testcases.VerifyLink" name="runVerifyLogin" time="6.075"/>
  <system-out/>
  <testcase classname="testcases.VerifyLink" name="runVerifyLogin" time="6.940"/>
  <system-out/>
  <testcase classname="testcases.VerifyLink" name="runVerifyLogin" time="6.125"/>
  <system-out/>
  <testcase classname="testcases.VerifyLink" name="runVerifyLogin" time="5.925"/>
  <system-out/>
  <testcase classname="testcases.VerifyLink" name="runVerifyLogin" time="6.769"/>
  <system-out/>
  <testcase classname="testcases.VerifyLink" name="runVerifyLogin" time="12.770"/>
  <system-out/>
  <testcase classname="testcases.VerifyLink" name="runVerifyLogin" time="5.576"/>
  <system-out/>
  <testcase classname="testcases.VerifyLink" name="runVerifyLogin" time="7.549"/>
  <system-out/>
  <testcase classname="testcases.VerifyLink" name="runVerifyLogin" time="5.354"/>
  <system-out/>
  <testcase classname="testcases.VerifyLink" name="runVerifyLogin" time="7.892"/>
  <system-out/>
  <testcase classname="testcases.VerifyLink" name="runVerifyLogin" time="5.777"/>
  <system-out/>
  <testcase classname="testcases.VerifyLink" name="runVerifyLogin" time="5.862"/>
  <system-out/>
  <testcase classname="testcases.VerifyLink" name="runVerifyLogin" time="9.568"/>
  <system-out/>
  <testcase classname="testcases.VerifyLink" name="runVerifyLogin" time="12.914"/>
  <system-out/>
  <testcase classname="testcases.VerifyLink" name="runVerifyLogin" time="6.003"/>
  <system-out/>
  <testcase classname="testcases.VerifyLink" name="runVerifyLogin" time="11.273"/>
  <system-out/>
  <testcase classname="testcases.VerifyLink" name="runVerifyLogin" time="6.403"/>
  <system-out/>
  <testcase classname="testcases.VerifyLink" name="runVerifyLogin" time="6.525"/>
  <system-out/>
  <testcase classname="testcases.VerifyLink" name="runVerifyLogin" time="6.423"/>
  <system-out/>
  <testcase classname="testcases.VerifyLink" name="runVerifyLogin" time="7.843"/>
  <system-out/>
  <testcase classname="testcases.VerifyLink" name="runVerifyLogin" time="5.778"/>
  <system-out/>
  <testcase classname="testcases.VerifyLink" name="runVerifyLogin" time="5.949"/>
  <system-out/>
  <testcase classname="testcases.VerifyLink" name="runVerifyLogin" time="6.117"/>
  <system-out/>
  <testcase classname="testcases.VerifyLink" name="runVerifyLogin" time="8.964"/>
  <system-out/>
  <testcase classname="testcases.VerifyLink" name="runVerifyLogin" time="8.012"/>
  <system-out/>
  <testcase classname="testcases.VerifyLink" name="runVerifyLogin" time="6.743"/>
  <system-out/>
  <testcase classname="testcases.VerifyLink" name="runVerifyLogin" time="10.710"/>
  <system-out/>
  <testcase classname="testcases.VerifyLink" name="runVerifyLogin" time="6.457"/>
  <system-out/>
  <testcase classname="testcases.VerifyLink" name="runVerifyLogin" time="6.722"/>
  <system-out/>
  <testcase classname="testcases.VerifyLink" name="runVerifyLogin" time="5.897"/>
  <system-out/>
  <testcase classname="testcases.VerifyLink" name="runVerifyLogin" time="5.573"/>
  <system-out/>
  <testcase classname="testcases.VerifyLink" name="runVerifyLogin" time="130.518"/>
  <system-out/>
  <testcase classname="testcases.VerifyLink" name="runVerifyLogin" time="6.633"/>
  <system-out/>
  <testcase classname="testcases.VerifyLink" name="runVerifyLogin" time="5.752"/>
  <system-out/>
  <testcase classname="testcases.VerifyLink" name="runVerifyLogin" time="6.732"/>
  <system-out/>
  <testcase classname="testcases.VerifyLink" name="runVerifyLogin" time="9.383"/>
  <system-out/>
  <testcase classname="testcases.VerifyLink" name="runVerifyLogin" time="10.029"/>
  <system-out/>
  <testcase classname="testcases.VerifyLink" name="runVerifyLogin" time="6.313"/>
  <system-out/>
  <testcase classname="testcases.VerifyLink" name="runVerifyLogin" time="9.191"/>
  <system-out/>
  <testcase classname="testcases.VerifyLink" name="runVerifyLogin" time="8.963"/>
  <system-out/>
  <testcase classname="testcases.VerifyLink" name="runVerifyLogin" time="7.293"/>
  <system-out/>
  <testcase classname="testcases.VerifyLink" name="runVerifyLogin" time="8.075"/>
  <system-out/>
  <testcase classname="testcases.VerifyLink" name="runVerifyLogin" time="8.758"/>
  <system-out/>
  <testcase classname="testcases.VerifyLink" name="runVerifyLogin" time="15.283"/>
  <system-out/>
  <testcase classname="testcases.VerifyLink" name="runVerifyLogin" time="7.488"/>
  <system-out/>
  <testcase classname="testcases.VerifyLink" name="runVerifyLogin" time="6.062"/>
  <system-out/>
  <testcase classname="testcases.VerifyLink" name="runVerifyLogin" time="5.793"/>
  <system-out/>
  <testcase classname="testcases.VerifyLink" name="runVerifyLogin" time="8.819"/>
  <system-out/>
  <testcase classname="testcases.VerifyLink" name="runVerifyLogin" time="6.397"/>
  <system-out/>
  <testcase classname="testcases.VerifyLink" name="runVerifyLogin" time="6.372"/>
  <system-out/>
  <testcase classname="testcases.VerifyLink" name="runVerifyLogin" time="6.163"/>
  <system-out/>
  <testcase classname="testcases.VerifyLink" name="runVerifyLogin" time="7.848"/>
  <system-out/>
  <testcase classname="testcases.VerifyLink" name="runVerifyLogin" time="5.994"/>
  <system-out/>
  <testcase classname="testcases.VerifyLink" name="runVerifyLogin" time="6.314"/>
  <system-out/>
  <testcase classname="testcases.VerifyLink" name="runVerifyLogin" time="7.020"/>
  <system-out/>
  <testcase classname="testcases.VerifyLink" name="runVerifyLogin" time="5.285"/>
  <system-out/>
  <testcase classname="testcases.VerifyLink" name="runVerifyLogin" time="5.782"/>
  <system-out/>
  <testcase classname="testcases.VerifyLink" name="runVerifyLogin" time="5.999"/>
  <system-out/>
  <testcase classname="testcases.VerifyLink" name="runVerifyLogin" time="5.967"/>
  <system-out/>
  <testcase classname="testcases.VerifyLink" name="runVerifyLogin" time="6.424"/>
  <system-out/>
  <testcase classname="testcases.VerifyLink" name="runVerifyLogin" time="6.800"/>
  <system-out/>
  <testcase classname="testcases.VerifyLink" name="runVerifyLogin" time="5.642"/>
  <system-out/>
  <testcase classname="testcases.VerifyLink" name="runVerifyLogin" time="6.009"/>
  <system-out/>
  <testcase classname="testcases.VerifyLink" name="runVerifyLogin" time="11.444"/>
  <system-out/>
  <testcase classname="testcases.VerifyLink" name="runVerifyLogin" time="7.108"/>
  <system-out/>
  <testcase classname="testcases.VerifyLink" name="runVerifyLogin" time="6.764"/>
  <system-out/>
  <testcase classname="testcases.VerifyLink" name="runVerifyLogin" time="6.678"/>
  <system-out/>
  <testcase classname="testcases.VerifyLink" name="runVerifyLogin" time="5.942"/>
  <system-out/>
  <testcase classname="testcases.VerifyLink" name="runVerifyLogin" time="11.667"/>
  <system-out/>
  <testcase classname="testcases.VerifyLink" name="runVerifyLogin" time="6.061"/>
  <system-out/>
  <testcase classname="testcases.VerifyLink" name="runVerifyLogin" time="6.528"/>
  <system-out/>
  <testcase classname="testcases.VerifyLink" name="runVerifyLogin" time="6.379"/>
  <system-out/>
  <testcase classname="testcases.VerifyLink" name="runVerifyLogin" time="5.553"/>
  <system-out/>
  <testcase classname="testcases.VerifyLink" name="runVerifyLogin" time="11.665"/>
  <system-out/>
  <testcase classname="testcases.VerifyLink" name="runVerifyLogin" time="6.603"/>
  <system-out/>
  <testcase classname="testcases.VerifyLink" name="runVerifyLogin" time="5.704"/>
  <system-out/>
  <testcase classname="testcases.VerifyLink" name="runVerifyLogin" time="6.318"/>
  <system-out/>
  <testcase classname="testcases.VerifyLink" name="runVerifyLogin" time="6.106"/>
  <system-out/>
  <testcase classname="testcases.VerifyLink" name="runVerifyLogin" time="6.050"/>
  <system-out/>
  <testcase classname="testcases.VerifyLink" name="runVerifyLogin" time="11.577"/>
  <system-out/>
  <testcase classname="testcases.VerifyLink" name="runVerifyLogin" time="6.166"/>
  <system-out/>
  <testcase classname="testcases.VerifyLink" name="runVerifyLogin" time="7.819"/>
  <system-out/>
  <testcase classname="testcases.VerifyLink" name="runVerifyLogin" time="13.829"/>
  <system-out/>
  <testcase classname="testcases.VerifyLink" name="runVerifyLogin" time="7.182"/>
  <system-out/>
  <testcase classname="testcases.VerifyLink" name="runVerifyLogin" time="8.596"/>
  <system-out/>
  <testcase classname="testcases.VerifyLink" name="runVerifyLogin" time="6.576"/>
  <system-out/>
  <testcase classname="testcases.VerifyLink" name="runVerifyLogin" time="6.873"/>
  <system-out/>
  <testcase classname="testcases.VerifyLink" name="runVerifyLogin" time="7.192"/>
  <system-out/>
  <testcase classname="testcases.VerifyLink" name="runVerifyLogin" time="5.482"/>
  <system-out/>
  <testcase classname="testcases.VerifyLink" name="runVerifyLogin" time="6.414"/>
  <system-out/>
  <testcase classname="testcases.VerifyLink" name="runVerifyLogin" time="10.720"/>
  <system-out/>
  <testcase classname="testcases.VerifyLink" name="runVerifyLogin" time="6.953"/>
  <system-out/>
  <testcase classname="testcases.VerifyLink" name="runVerifyLogin" time="9.753"/>
  <system-out/>
  <testcase classname="testcases.VerifyLink" name="runVerifyLogin" time="6.434"/>
  <system-out/>
  <testcase classname="testcases.VerifyLink" name="runVerifyLogin" time="7.216"/>
  <system-out/>
  <testcase classname="testcases.VerifyLink" name="runVerifyLogin" time="11.425"/>
  <system-out/>
  <testcase classname="testcases.VerifyLink" name="runVerifyLogin" time="5.202"/>
  <system-out/>
  <testcase classname="testcases.VerifyLink" name="runVerifyLogin" time="8.716"/>
  <system-out/>
  <testcase classname="testcases.VerifyLink" name="runVerifyLogin" time="11.673"/>
  <system-out/>
  <testcase classname="testcases.VerifyLink" name="runVerifyLogin" time="7.368"/>
  <system-out/>
  <testcase classname="testcases.VerifyLink" name="runVerifyLogin" time="5.844"/>
  <system-out/>
  <testcase classname="testcases.VerifyLink" name="runVerifyLogin" time="8.223"/>
  <system-out/>
  <testcase classname="testcases.VerifyLink" name="runVerifyLogin" time="6.087"/>
  <system-out/>
  <testcase classname="testcases.VerifyLink" name="runVerifyLogin" time="8.456"/>
  <system-out/>
  <testcase classname="testcases.VerifyLink" name="runVerifyLogin" time="6.208"/>
  <system-out/>
  <testcase classname="testcases.VerifyLink" name="runVerifyLogin" time="7.059"/>
  <system-out/>
  <testcase classname="testcases.VerifyLink" name="runVerifyLogin" time="5.874"/>
  <system-out/>
  <testcase classname="testcases.VerifyLink" name="runVerifyLogin" time="5.868"/>
  <system-out/>
  <testcase classname="testcases.VerifyLink" name="runVerifyLogin" time="6.347"/>
  <system-out/>
  <testcase classname="testcases.VerifyLink" name="runVerifyLogin" time="5.782"/>
  <system-out/>
  <testcase classname="testcases.VerifyLink" name="runVerifyLogin" time="6.228"/>
  <system-out/>
  <testcase classname="testcases.VerifyLink" name="runVerifyLogin" time="6.208"/>
  <system-out/>
  <testcase classname="testcases.VerifyLink" name="runVerifyLogin" time="6.124"/>
  <system-out/>
  <testcase classname="testcases.VerifyLink" name="runVerifyLogin" time="5.841"/>
  <system-out/>
  <testcase classname="testcases.VerifyLink" name="runVerifyLogin" time="5.484"/>
  <system-out/>
  <testcase classname="testcases.VerifyLink" name="runVerifyLogin" time="7.206"/>
  <system-out/>
  <testcase classname="testcases.VerifyLink" name="runVerifyLogin" time="6.524"/>
  <system-out/>
  <testcase classname="testcases.VerifyLink" name="runVerifyLogin" time="11.114"/>
  <system-out/>
  <testcase classname="testcases.VerifyLink" name="runVerifyLogin" time="5.948"/>
  <system-out/>
  <testcase classname="testcases.VerifyLink" name="runVerifyLogin" time="6.039"/>
  <system-out/>
  <testcase classname="testcases.VerifyLink" name="runVerifyLogin" time="8.583"/>
  <system-out/>
  <testcase classname="testcases.VerifyLink" name="runVerifyLogin" time="8.154"/>
  <system-out/>
  <testcase classname="testcases.VerifyLink" name="runVerifyLogin" time="10.606"/>
  <system-out/>
  <testcase classname="testcases.VerifyLink" name="runVerifyLogin" time="8.877"/>
  <system-out/>
  <testcase classname="testcases.VerifyLink" name="runVerifyLogin" time="8.997"/>
  <system-out/>
  <testcase classname="testcases.VerifyLink" name="runVerifyLogin" time="7.421"/>
  <system-out/>
  <testcase classname="testcases.VerifyLink" name="runVerifyLogin" time="10.975"/>
  <system-out/>
  <testcase classname="testcases.VerifyLink" name="runVerifyLogin" time="6.568"/>
  <system-out/>
  <testcase classname="testcases.VerifyLink" name="runVerifyLogin" time="9.391"/>
  <system-out/>
  <testcase classname="testcases.VerifyLink" name="runVerifyLogin" time="5.972"/>
  <system-out/>
  <testcase classname="testcases.VerifyLink" name="runVerifyLogin" time="11.274"/>
  <system-out/>
  <testcase classname="testcases.VerifyLink" name="runVerifyLogin" time="6.772"/>
  <system-out/>
  <testcase classname="testcases.VerifyLink" name="runVerifyLogin" time="7.645"/>
  <system-out/>
  <testcase classname="testcases.VerifyLink" name="runVerifyLogin" time="8.270"/>
  <system-out/>
  <testcase classname="testcases.VerifyLink" name="runVerifyLogin" time="6.398"/>
  <system-out/>
  <testcase classname="testcases.VerifyLink" name="runVerifyLogin" time="6.815"/>
  <system-out/>
  <testcase classname="testcases.VerifyLink" name="runVerifyLogin" time="7.572"/>
  <system-out/>
  <testcase classname="testcases.VerifyLink" name="runVerifyLogin" time="7.798"/>
  <system-out/>
  <testcase classname="testcases.VerifyLink" name="runVerifyLogin" time="7.832"/>
  <system-out/>
  <testcase classname="testcases.VerifyLink" name="runVerifyLogin" time="8.121"/>
  <system-out/>
  <testcase classname="testcases.VerifyLink" name="runVerifyLogin" time="13.862"/>
  <system-out/>
  <testcase classname="testcases.VerifyLink" name="runVerifyLogin" time="6.832"/>
  <system-out/>
  <testcase classname="testcases.VerifyLink" name="runVerifyLogin" time="6.767"/>
  <system-out/>
  <testcase classname="testcases.VerifyLink" name="runVerifyLogin" time="7.043"/>
  <system-out/>
  <testcase classname="testcases.VerifyLink" name="runVerifyLogin" time="9.339"/>
  <system-out/>
  <testcase classname="testcases.VerifyLink" name="runVerifyLogin" time="17.212"/>
  <system-out/>
  <testcase classname="testcases.VerifyLink" name="runVerifyLogin" time="6.667"/>
  <system-out/>
  <testcase classname="testcases.VerifyLink" name="runVerifyLogin" time="13.916"/>
  <system-out/>
  <testcase classname="testcases.VerifyLink" name="runVerifyLogin" time="5.099"/>
  <system-out/>
  <testcase classname="testcases.VerifyLink" name="runVerifyLogin" time="5.678"/>
  <system-out/>
  <testcase classname="testcases.VerifyLink" name="runVerifyLogin" time="6.720"/>
  <system-out/>
  <testcase classname="testcases.VerifyLink" name="runVerifyLogin" time="6.821"/>
  <system-out/>
  <testcase classname="testcases.VerifyLink" name="runVerifyLogin" time="7.927"/>
  <system-out/>
  <testcase classname="testcases.VerifyLink" name="runVerifyLogin" time="5.601"/>
  <system-out/>
  <testcase classname="testcases.VerifyLink" name="runVerifyLogin" time="9.259"/>
  <system-out/>
  <testcase classname="testcases.VerifyLink" name="runVerifyLogin" time="6.576"/>
  <system-out/>
  <testcase classname="testcases.VerifyLink" name="runVerifyLogin" time="6.695"/>
  <system-out/>
  <testcase classname="testcases.VerifyLink" name="runVerifyLogin" time="8.619"/>
  <system-out/>
  <testcase classname="testcases.VerifyLink" name="runVerifyLogin" time="6.211"/>
  <system-out/>
  <testcase classname="testcases.VerifyLink" name="runVerifyLogin" time="6.702"/>
  <system-out/>
  <testcase classname="testcases.VerifyLink" name="runVerifyLogin" time="5.959"/>
  <system-out/>
  <testcase classname="testcases.VerifyLink" name="runVerifyLogin" time="6.658"/>
  <system-out/>
  <testcase classname="testcases.VerifyLink" name="runVerifyLogin" time="6.094"/>
  <system-out/>
  <testcase classname="testcases.VerifyLink" name="runVerifyLogin" time="9.031"/>
  <system-out/>
  <testcase classname="testcases.VerifyLink" name="runVerifyLogin" time="6.754"/>
  <system-out/>
  <testcase classname="testcases.VerifyLink" name="runVerifyLogin" time="7.274"/>
  <system-out/>
  <testcase classname="testcases.VerifyLink" name="runVerifyLogin" time="7.155"/>
  <system-out/>
  <testcase classname="testcases.VerifyLink" name="runVerifyLogin" time="6.771"/>
  <system-out/>
  <testcase classname="testcases.VerifyLink" name="runVerifyLogin" time="6.144"/>
  <system-out/>
  <testcase classname="testcases.VerifyLink" name="runVerifyLogin" time="6.932"/>
  <system-out/>
  <testcase classname="testcases.VerifyLink" name="runVerifyLogin" time="6.446"/>
  <system-out/>
  <testcase classname="testcases.VerifyLink" name="runVerifyLogin" time="5.723"/>
  <system-out/>
  <testcase classname="testcases.VerifyLink" name="runVerifyLogin" time="5.712"/>
  <system-out/>
  <testcase classname="testcases.VerifyLink" name="runVerifyLogin" time="7.075"/>
  <system-out/>
  <testcase classname="testcases.VerifyLink" name="runVerifyLogin" time="5.548"/>
  <system-out/>
  <testcase classname="testcases.VerifyLink" name="runVerifyLogin" time="5.599"/>
  <system-out/>
  <testcase classname="testcases.VerifyLink" name="runVerifyLogin" time="5.414"/>
  <system-out/>
  <testcase classname="testcases.VerifyLink" name="runVerifyLogin" time="7.802"/>
  <system-out/>
  <testcase classname="testcases.VerifyLink" name="runVerifyLogin" time="10.286"/>
  <system-out/>
  <testcase classname="testcases.VerifyLink" name="runVerifyLogin" time="5.530"/>
  <system-out/>
  <testcase classname="testcases.VerifyLink" name="runVerifyLogin" time="6.535"/>
  <system-out/>
  <testcase classname="testcases.VerifyLink" name="runVerifyLogin" time="7.388"/>
  <system-out/>
  <testcase classname="testcases.VerifyLink" name="runVerifyLogin" time="7.411"/>
  <system-out/>
  <testcase classname="testcases.VerifyLink" name="runVerifyLogin" time="6.126"/>
  <system-out/>
  <testcase classname="testcases.VerifyLink" name="runVerifyLogin" time="5.857"/>
  <system-out/>
  <testcase classname="testcases.VerifyLink" name="runVerifyLogin" time="6.497"/>
  <system-out/>
  <testcase classname="testcases.VerifyLink" name="runVerifyLogin" time="6.911"/>
  <system-out/>
  <testcase classname="testcases.VerifyLink" name="runVerifyLogin" time="11.918"/>
  <system-out/>
  <testcase classname="testcases.VerifyLink" name="runVerifyLogin" time="5.837"/>
  <system-out/>
  <testcase classname="testcases.VerifyLink" name="runVerifyLogin" time="6.791"/>
  <system-out/>
  <testcase classname="testcases.VerifyLink" name="runVerifyLogin" time="7.987"/>
  <system-out/>
  <testcase classname="testcases.VerifyLink" name="runVerifyLogin" time="5.714"/>
  <system-out/>
  <testcase classname="testcases.VerifyLink" name="runVerifyLogin" time="5.641"/>
  <system-out/>
  <testcase classname="testcases.VerifyLink" name="runVerifyLogin" time="6.534"/>
  <system-out/>
  <testcase classname="testcases.VerifyLink" name="runVerifyLogin" time="6.628"/>
  <system-out/>
  <testcase classname="testcases.VerifyLink" name="runVerifyLogin" time="6.920"/>
  <system-out/>
  <testcase classname="testcases.VerifyLink" name="runVerifyLogin" time="6.682"/>
  <system-out/>
  <testcase classname="testcases.VerifyLink" name="runVerifyLogin" time="6.128"/>
  <system-out/>
  <testcase classname="testcases.VerifyLink" name="runVerifyLogin" time="6.819"/>
  <system-out/>
  <testcase classname="testcases.VerifyLink" name="runVerifyLogin" time="6.433"/>
  <system-out/>
  <testcase classname="testcases.VerifyLink" name="runVerifyLogin" time="7.015"/>
  <system-out/>
  <testcase classname="testcases.VerifyLink" name="runVerifyLogin" time="7.385"/>
  <system-out/>
  <testcase classname="testcases.VerifyLink" name="runVerifyLogin" time="5.930"/>
  <system-out/>
  <testcase classname="testcases.VerifyLink" name="runVerifyLogin" time="10.783"/>
  <system-out/>
  <testcase classname="testcases.VerifyLink" name="runVerifyLogin" time="7.004"/>
  <system-out/>
  <testcase classname="testcases.VerifyLink" name="runVerifyLogin" time="5.974"/>
  <system-out/>
  <testcase classname="testcases.VerifyLink" name="runVerifyLogin" time="5.894"/>
  <system-out/>
  <testcase classname="testcases.VerifyLink" name="runVerifyLogin" time="8.202"/>
  <system-out/>
  <testcase classname="testcases.VerifyLink" name="runVerifyLogin" time="5.926"/>
  <system-out/>
  <testcase classname="testcases.VerifyLink" name="runVerifyLogin" time="10.851"/>
  <system-out/>
  <testcase classname="testcases.VerifyLink" name="runVerifyLogin" time="9.971"/>
  <system-out/>
  <testcase classname="testcases.VerifyLink" name="runVerifyLogin" time="6.355"/>
  <system-out/>
  <testcase classname="testcases.VerifyLink" name="runVerifyLogin" time="6.051"/>
  <system-out/>
  <testcase classname="testcases.VerifyLink" name="runVerifyLogin" time="5.845"/>
  <system-out/>
  <testcase classname="testcases.VerifyLink" name="runVerifyLogin" time="5.876"/>
  <system-out/>
  <testcase classname="testcases.VerifyLink" name="runVerifyLogin" time="7.462"/>
  <system-out/>
  <testcase classname="testcases.VerifyLink" name="runVerifyLogin" time="6.191"/>
  <system-out/>
  <testcase classname="testcases.VerifyLink" name="runVerifyLogin" time="12.650"/>
  <system-out/>
  <testcase classname="testcases.VerifyLink" name="runVerifyLogin" time="6.278"/>
  <system-out/>
  <testcase classname="testcases.VerifyLink" name="runVerifyLogin" time="6.604"/>
  <system-out/>
  <testcase classname="testcases.VerifyLink" name="runVerifyLogin" time="6.162"/>
  <system-out/>
  <testcase classname="testcases.VerifyLink" name="runVerifyLogin" time="5.636"/>
  <system-out/>
  <testcase classname="testcases.VerifyLink" name="runVerifyLogin" time="7.708"/>
  <system-out/>
</testsuite> <!-- testcases.VerifyLink -->
