<?xml version="1.0" encoding="UTF-8"?>
<!-- Generated by org.testng.reporters.JUnitReportReporter -->
<testsuite hostname="LAPTOP-F3QJ1584" failures="0" tests="1" name="testcase.DeleteLead" time="14.557" errors="0" timestamp="2022-05-12T20:10:17 IST" skipped="0">
  <testcase classname="testcase.DeleteLead" name="runDeleteLead" time="14.557"/>
  <system-out/>
</testsuite> <!-- testcase.DeleteLead -->
