<?xml version="1.0" encoding="UTF-8"?>
<!-- Generated by org.testng.reporters.JUnitReportReporter -->
<testsuite hostname="LAPTOP-F3QJ1584" failures="0" tests="1" name="testcase.EditLead" time="21.150" errors="0" timestamp="2022-05-12T20:10:17 IST" skipped="0">
  <testcase classname="testcase.EditLead" name="runEditLead" time="21.150"/>
  <system-out/>
</testsuite> <!-- testcase.EditLead -->
