<?xml version="1.0" encoding="UTF-8"?>
<!-- Generated by org.testng.reporters.JUnitReportReporter -->
<testsuite hostname="LAPTOP-F3QJ1584" failures="0" tests="2" name="testcase.CreateLead" time="34.373" errors="0" timestamp="2022-05-29T13:19:32 IST" skipped="0">
  <testcase classname="testcase.CreateLead" name="runCreateLead" time="17.301"/>
  <system-out/>
  <testcase classname="testcase.CreateLead" name="runCreateLead" time="17.072"/>
  <system-out/>
</testsuite> <!-- testcase.CreateLead -->
