<?xml version="1.0" encoding="UTF-8"?>
<!-- Generated by org.testng.reporters.JUnitReportReporter -->
<testsuite hostname="LAPTOP-F3QJ1584" failures="0" tests="1" name="testcase.MergeLead" time="17.046" errors="0" timestamp="2022-05-12T20:10:17 IST" skipped="0">
  <testcase classname="testcase.MergeLead" name="runMergeLead" time="17.046"/>
  <system-out/>
</testsuite> <!-- testcase.MergeLead -->
