<?xml version="1.0" encoding="UTF-8"?>
<!-- Generated by org.testng.reporters.JUnitReportReporter -->
<testsuite hostname="LAPTOP-F3QJ1584" failures="0" tests="1" name="runner.CucumberRunner" time="16.844" errors="0" timestamp="2022-05-29T13:35:04 IST" skipped="0">
  <testcase classname="runner.CucumberRunner" name="runScenario" time="16.844"/>
  <system-out/>
</testsuite> <!-- runner.CucumberRunner -->
