<?xml version="1.0" encoding="UTF-8"?>
<!-- Generated by org.testng.reporters.JUnitReportReporter -->
<testsuite hostname="LAPTOP-F3QJ1584" failures="0" tests="2" name="testcases.CreateLead" time="30.700" errors="0" timestamp="2022-03-25T09:43:49 IST" skipped="0">
  <testcase classname="testcases.CreateLead" name="runCreateLead" time="16.498"/>
  <system-out/>
  <testcase classname="testcases.CreateLead" name="runCreateLead" time="14.202"/>
  <system-out/>
</testsuite> <!-- testcases.CreateLead -->
