<?xml version="1.0" encoding="UTF-8"?>
<!-- Generated by org.testng.reporters.JUnitReportReporter -->
<testsuite hostname="LAPTOP-F3QJ1584" failures="0" tests="2" name="testcases.CreateLead" time="33.536" errors="0" timestamp="2022-03-24T20:14:28 IST" skipped="0">
  <testcase classname="testcases.CreateLead" name="runCreateLead" time="16.047"/>
  <system-out/>
  <testcase classname="testcases.CreateLead" name="runCreateLead" time="17.489"/>
  <system-out/>
</testsuite> <!-- testcases.CreateLead -->
