<?xml version="1.0" encoding="UTF-8"?>
<!-- Generated by org.testng.reporters.JUnitReportReporter -->
<testsuite hostname="LAPTOP-F3QJ1584" failures="0" tests="2" name="testcases.VerifyLogin" time="9.286" errors="0" timestamp="2022-03-23T16:20:12 IST" skipped="0">
  <testcase classname="testcases.VerifyLogin" name="runVerifyLogin" time="6.061"/>
  <system-out/>
  <testcase classname="testcases.VerifyLogin" name="runVerifyLogin" time="3.225"/>
  <system-out/>
</testsuite> <!-- testcases.VerifyLogin -->
